[    0.000000] Initializing cgroup subsys cpuset
[    0.000000] Initializing cgroup subsys cpu
[    0.000000] Initializing cgrou sbss cpuacct
[    0.000000] Linux version 4.4.0-63-generic (buildd@lcy01-31) (gc version 5.4.0 20160609 (Ubuntu .4.0-6ubuntu1~16.04.4) ) #84-Ubuntu SMP Wed Feb 1 17:20:32 UTC 2017 (Ubuntu 4.4.0-63.84-generi 4.4.44)
[    0.000000] Command line: BOOT_IMAGE=/boot/vmlinuz-4.4.0-63-generic root=LABEL=cloudimg-rootfs ro console=tty1 console=ttyS0
[    0.000000] KERNEL supported cpus:
[    0.000000   Inttel GenuineIntel
[    0.000000]   AMD AuthenticAMD
[    0.000000]   Centaur CentaurHauls
[    .000000] x86/fpu: xstate_offset[2]:  576, xstate_sizes[2]:  256
[    0.000000] x86/fpu: Suppting XSAVE feature 0x01: 'x87 floating pont registers'
[    0.000000] x86/fpu: Supporting XSAVE feature 0x02: 'SSE registers'
[    .000000] x86/fp: Supporting XSAVE feature 0x04: 'VX registers'
[    0.000000] x86/fpu: Enabled xstate features 0x7, context size is 832 bytes, using 'tandard' format.
[    0.000000] x86/fpu: Using 'lzy FPU ontex sitche.
[    0.000000] e820: BIOS-provided physical RAM map:
[    0.000000] BIOS-e820: [mem 0x0000000000000000-0x000000000009fbf] usable
[   0.000000] BIOS-e820: [mem 0x000000000009fc00-0x000000000009ffff] reserved
[    0.000000] BIOS-e820: [mem 0x00000000000f0000-0x00000000000fffff] reserved
[    .000000] BIOS-e820: [mem x0000000000100000-0x00000003ffeffff] usable
[    0.00000] BIOS-e820: [mem 0x000000003fff0000-0x00000003ffffff] ACPI data
[    0.000000] BIOS-e820: [mem 0x0000000ffc00-0x00000000ffffffff] reserved
    0.000000] NX (Execute Disable) protection: active
[    0.00000] SBIOS2.5 present.
[    000000] Hypervisor detected: KVM
[    0.000000] e820: last_pfn = 0x3fff0 max_arch_pfn = 0x400000000
[    .000000] MTR: Disabled[   0.00000] x6/PAT: MTRRs disabled, skipping PAT initialization to.
[    0.000000] x86/PAT: Configuration [0-7]: WB  WT  UC- UC  WB  WT  UC- UC  
[    0.000000] CPU MTRs all blank - virtualized sysem.
[    0.000000] found SMP MP-table at [mem 0x0009fff0-0x0009ffff] mapped at [ffff88000009fff0]
[    0.000000] Scanning 1 areas for low memory corruption
[    0.000000] RAMDISK: [mem 0x36acc000-0x3755dfff]
[    0.000000] ACPI: Early table checksum verification disabled
[    0.000000] ACPI: RSDP 0x00000000000E0000 000024 (v02 VBOX  
[    0.000000] ACPI: XSDT 0x000000003FFF0030 00003C (v01 VBOX   VBOXXSDT 0000001 ASL  00000061)
[    .000000] ACP: ACP 0x000000003FFF00F0 0000F4 (v04 VBOX   VBOXFACP 00000001 AL  0000006)
[    0.000000] ACPI: DSDT 0x000000003FFF0470 002106 (v01 VBOX   VBOXBIOS 00000002 INTL 20100528)
[    0.000000] ACPI:FACS 0x000000003FFF0200000040
[    0.000000] ACPI: FACS 0x000000003FFF0200 000040
[    0.000000] ACPI: APIC 0x000000003FFF0240 00005C (v02 VBOX   VBOXAPIC 00000001 ASL 0000061)
   0.000000] ACPI: SSDT 0x000000003FFF02A0 0001CC (v01 VBOX   VBOXCPUT 00000002 INTL 20100528)
[    0.000000] No NUMA onfiguration fond
[    0.000000] Faking a noe at[mem 0x0000000000000000-0x000000003ffeffff]
[   0.000000] NODE_DATA(0) alllocated [mem 0x3ffeb000-0x3ffffff]
[    0.000000] kvm-clock: Using msrs 4b564d0 and 4b564d00
[    0.000000] kvm-clock: cpu 0, msr 0:3ffe3001, primary cpu clock
[    0.000000] kvm-clock: usng sched offset of 3993283334 cyces
[    0.000000] clocksource: kvmclock: mask: 0xfffffffffffffff ma_cycles: 0x1cd42e4dffb, max_idle_ns: 881590591483 ns
[    0.000000] Zone ranges:
[    0.000000]   DMA      [mem 0x0000000000001000-0x0000000000ffffff]
[    0.000000]   DMA32    [mem 0x000000001000000-0x000000003ffeffff]
[    0.000000]   Normal   empty
[    0.000000   Device   empty
[    000000]Movble zone start for each node
[    0.000000] Early memry node ranges
[    0.000000]   node   0: [mem 0x0000000000001000-0x000000000009efff]
[    0.000000]   node   0: [mem 0x0000000000100000-0x000000003ffeffff]
[    0.000000] Initmem setup node 0 [mem 0x0000000000001000-0x000000003ffeffff]
[    0.000000] ACPI: PM-Timer IO Port: 0x4008
[    0.000000] IOAPIC[0]: apic_id 2, version 17, address 0xfec00000, GSI 0-23
[    0.000000]ACPI: INT_SRC_OVR (bus 0 bu_irq 0global_irq 2 dfl dfl)
[    0.000000] ACPI: INT_SRC_OVR (bus0 bus_irq 9 global_irq 9 high level)
[    0.000000] Using ACPI (MADT) for SMP configuration information
[    0.00000] smpboot: Allowing 2 CPUs, 0 hotplg CPUs
[    0.000000] PM: Registered nosave memory: [mem 000000000-0x00000fff]
[   0.000000] PM: Registered nosavememor: [mem 0x0009f000-0x0009ffff]
[   0.00000] PM: Registered nosave memory: [mem 0x000a0000-0x000effff]
[    0.000000] PM: Registered nosave memory: [mem 0x000f0000-0x000fffff]
[    0.000000] e820: [mem 0x40000000-0xfffbffff] available for PCI deices
[    0.000000] Booting paravirtualized kernel on KVM
[   0.000000] clocksource: refined-jiffies: mask: 0xffffffff max_cycles: 0xffffffff max_idle_ns: 764519600211568 ns
[    0.000000] setup_prcpu:NR_CPS:12 nr_cpumsk_bis:52 nr_cpu_ids:2 nr_node_ids:1
[    0.000000] PERCPU: Embedded 33 pages/cpu @ffff88003fc00000 s98264 r8192 d28712 u1048576
[    0.00000] PV qspinlock hash table entries: 256 (order: 0, 4096 bytes)
[    0.000000] Built 1 zonelists in Node order, mobility grouping on.  Total pages: 257913
[    0000000] Policy zne: DA32
[    0.000000] Kernel comandline: BOOT_IMAGE=/boot/vmlinuz-4.4.0-63-eneicroot=LABEL=cloudimg-rootfs ro console=tty1 consle=tt0
[    .00000] PID astable entries:: 4096(ordr:3, 32768 bytes)
[    0.00000] Mmory: 1001752K/1048120K available (8452K krnel code, 1293K rwdata, 980K rodata, 1488K int, 1316K bss, 46368K reserved, 0K cma-reserved)
[    0.000000] SLUB: HWalign=64, Order=0-3, MinObjects=0, CPUs=2, Nodes=1
[    0.000000] Hierarchical RCU implementation.
[    0.000000] 	Build-time adjustment of leaf fanut to 64.
[    .000000 	RCU restricting CPUs from NR_CPUS=512 to nr_cpu_ids=2.
[    0.000000] RCU: Adjusting geometry for rcu_fanout_leaf=64, nr_cpu_ids=2
[    0.00000] NR_IRQS:33024 nr_irqs:440 16
[    0.000000] Console: colour VGA+ 80x25
[    0.00000] conole [tty1] enabled
[    0.00000] console[ttyS0] enabled
[    0.000000] tsc: Detected 2394.458 MHz processor
[    6.963078] alibrating delay loop (skipped) preset value.. 4788.91 BogoMIPS (lpj=9577832)
[    7.011700] pid_max: default: 32768 minimum: 301
[    7.044334] ACPI: Core revision 20150930
[    7.130971] ACPI: 2 ACPI AML tables successfully acquired and loaded
[    7.214197] Security Framework initialized
[    7.249056] Yama: becoming mindful.
[    7.257150] AppArmor: AppArmor initialized
[    7.286628] Dentry cache hash table entries: 131072 (order: 8, 1048576 bytes)
[    7.330588] Inode-cache hash table entries: 65536 (order: 7, 524288 bytes)
[    7.369048] Mount-cache hash table entries: 2048 (order: 2, 16384 bytes)
[    7.379630] Mountpoint-cache hash table entries: 2048 (order: 2, 16384 bytes)
[    7.408744] Initializing cgroup subsys io
[    7.410548] Initializing cgroup subsys memory
[    7.418338] Initializing cgroup subsys devices
[    7.436910] Initializing cgroup subsys freezer
[    7.439743] Initializing cgroup subsys net_cls
[    7.468156] Initializing cgroup subsys perf_event
[    7.475808] Initializing cgroup subsys net_prio
[    7.486467] Initializing cgroup subsys hugetlb
[    7.494320] Initializing cgroup subsys pids
[    7.516915] CPU: Physical Processor ID: 0
[    7.519462] CPU: Processor Core ID: 0
[    7.531536] mce: CPU supports 0 MCE banks
[    7.547573] Last level iTLB entries: 4KB 64, 2MB 8, 4MB 8
[    7.574228] Last level dTLB entries: 4KB 64, 2MB 0, 4MB 0, 1GB 4
[    7.589819] Freeing SMP alternatives memory: 32K (ffffffff820b9000 - ffffffff820c1000)
[    7.672549] ftrace: allocating 32123 entries in 126 pages
[    7.800119] smpboot: APIC(0) Converting physical 0 to logical package 0
[    7.845627] smpboot: Max logical packages: 1
[    7.869600] ..TIMER: vector=0x30 apic1=0 pin1=2 apic2=-1 pin2=-1
[    8.001427] APIC calibration not consistent with PM-Timer: 119ms instead of 100ms
[    8.007222] APIC delta adjusted to PM-Timer: 6246813 (7470735)
[    8.045030] smpboot: CPU0: Intel(R) Core(TM) i7-5500U CPU @ 2.40GHz (family: 0x6, model: 0x3d, stepping: 0x4)
[    8.077679] Performance Events: unsupported p6 CPU model 61 no PMU driver, software events only.
[    8.122884] KVM setup paravirtual spinlock
[    8.125805] x86: Booting SMP configuration:
[    8.136027] .... node  #0, CPUs:      #1
[    8.143014] kvm-clock: cpu 1, msr 0:3ffe3041, secondary cpu clock
[    8.155201] mce: CPU supports 0 MCE banks
[    8.170429] x86: Booted up 1 node, 2 CPUs
[    8.200328] smpboot: Total of 2 processors activated (9577.83 BogoMIPS)
[    8.204506] devtmpfs: initialized
[    8.215318] evm: security.selinux
[    8.217166] evm: security.SMACK64
[    8.240582] evm: security.SMACK64EXEC
[    8.248741] evm: security.SMACK64TRANSMUTE
[    8.254340] evm: security.SMACK64MMAP
[    8.259173] evm: security.ima
[    8.260399] evm: security.capability
[    8.264094] clocksource: jiffies: mask: 0xffffffff max_cycles: 0xffffffff, max_idle_ns: 7645041785100000 ns
[    8.270065] pinctrl core: initialized pinctrl subsystem
[    8.273382] RTC time:  6:29:43, date: 03/18/17
[    8.280440] NET: Registered protocol family 16
[    8.293736] cpuidle: using governor ladder
[    8.322184] cpuidle: using governor menu
[    8.342085] PCCT header not found.
[    8.343979] ACPI: bus type PCI registered
[    8.360257] acpiphp: ACPI Hot Plug PCI Controller Driver version: 0.5
[    8.374502] PCI: Using configuration type 1 for base access
[    8.437641] ACPI: Added _OSI(Module Device)
[    8.440009] ACPI: Added _OSI(Processor Device)
[    8.476792] ACPI: Added _OSI(3.0 _SCP Extensions)
[    8.491805] ACPI: Added _OSI(Processor Aggregator Device)
[    8.513313] ACPI: Executed 1 blocks of module-level executable AML code
[    8.524978] ACPI: Interpreter enabled
[    8.535780] ACPI: (supports S0 S5)
[    8.537349] ACPI: Using IOAPIC for interrupt routing
[    8.539665] PCI: Using host bridge windows from ACPI; if necessary, use "pci=nocrs" and report a bug
[    8.582395] ACPI: PCI Root Bridge [PCI0] (domain 0000 [bus 00-ff])
[    8.595883] acpi PNP0A03:00: _OSC: OS supports [ASPM ClockPM Segments MSI]
[    8.604516] acpi PNP0A03:00: _OSC failed (AE_NOT_FOUND); disabling ASPM
[    8.617455] acpi PNP0A03:00: fail to add MMCONFIG information, can't access extended PCI configuration space under this bridge.
[    8.628017] PCI host bridge to bus 0000:00
[    8.635558] pci_bus 0000:00: root bus resource [io  0x0000-0x0cf7 window]
[    8.639544] pci_bus 0000:00: root bus resource [io  0x0d00-0xffff window]
[    8.644128] pci_bus 0000:00: root bus resource [mem 0x000a0000-0x000bffff window]
[    8.652249] pci_bus 0000:00: root bus resource [mem 0x40000000-0xffdfffff window]
[    8.694620] pci_bus 0000:00: root bus resource [bus 00-ff]
[    8.731131] pci 0000:00:01.1: legacy IDE quirk: reg 0x10: [io  0x01f0-0x01f7]
[    8.743073] pci 0000:00:01.1: legacy IDE quirk: reg 0x14: [io  0x03f6]
[    8.780509] pci 0000:00:01.1: legacy IDE quirk: reg 0x18: [io  0x0170-0x0177]
[    8.805615] pci 0000:00:01.1: legacy IDE quirk: reg 0x1c: [io  0x0376]
[    8.890036] ACPI: PCI Interrupt Link [LNKA] (IRQs 5 9 10 11) *0, disabled.
[    8.926252] ACPI: PCI Interrupt Link [LNKB] (IRQs 5 9 10 *11)
[    8.943265] ACPI: PCI Interrupt Link [LNKC] (IRQs 5 9 *10 11)
[    8.987929] ACPI: PCI Interrupt Link [LNKD] (IRQs 5 *9 10 11)
[    8.997459] ACPI: Enabled 2 GPEs in block 00 to 07
[    9.001975] vgaarb: setting as boot device: PCI:0000:00:02.0
[    9.030637] vgaarb: device added: PCI:0000:00:02.0,decodes=io+mem,owns=io+mem,locks=none
[    9.049600] vgaarb: loaded
[    9.060727] vgaarb: bridge control possible 0000:00:02.0
[    9.078972] SCSI subsystem initialized
[    9.116714] ACPI: bus type USB registered
[    9.139401] usbcore: registered new interface driver usbfs
[    9.213179] usbcore: registered new interface driver hub
[    9.219406] usbcore: registered new device driver usb
[    9.237129] PCI: Using ACPI for IRQ routing
[    9.258520] NetLabel: Initializing
[    9.282881] NetLabel:  domain hash size = 128
[    9.303337] NetLabel:  protocols = UNLABELED CIPSOv4
[    9.309678] NetLabel:  unlabeled traffic allowed by default
[    9.319437] amd_nb: Cannot enumerate AMD northbridges
[    9.375656] clocksource: Switched to clocksource kvm-clock
[  9.8833] AppArmo: AppArmor Filesystem Enabled
[   9.667993] pnp: PnP ACPI init
[    9.742824] pnp:PnP ACPI: found 3 evices

[  9.555] clocksource: acpi_pm: mask: 0xffffff max_cycles: 0xffffff, max_idle_ns: 2085701024 ns
[   10.1191 NET: Registered protocol family 2

[   10.214881] TCP established hash table entries: 8192 (order: 4, 65536 bytes)
[  10.218175] TCP bind hshtable entries: 8192 (ordr:, 1072 bytes)
[ 10.510866] TCP: Hash table configured (esabisd 19bind 8192)
[   10.922570]UD hash abe trie 512 (order: 2, 163 bes
   11.320926] UDP-Lite hash table entries: 512 (order: 2, 16384 bytes)
[   1.358180] NET: Registered protocol amily 1
[   11.461471] pci 0000:00:00.0:Limiting direct PCI/PCI transfers
[  11.511315] ci 0000:00:01.0: Activating ISA DMA hang workarounds
[  11.592685] Trying to unpack rootfs image as initramfs...

[   14.303483] Freeing initrd memory: 082K ff806acc000 - ffff88003755e000)
[   4.13] PLPMU detected, API unit i 2^-32oules, 4 fxe cnts 1073741820 ms ovfl timer
[   15.581934] w unit of domain pp0-core 2^-0 Joules

[   15.620160] hw unit of domain package 2^-0 Joules
[   15.654056] hw unit of domain dram 2^-0 Joules
[   15.685537] hw unit of domain pp1-gpu 2^-0 Joules
[   15.751796] platform rtc_cmos: registeed platform RTC device (no PNP device found)
[   15795926] Scanning for low memory corruption every 60 seconds

[   15.844994] futex hash table entries: 512 (order: 3, 32768 bytes)
[   15.897088] audit: initializing netlink subsys (disabled)
[   15.926615] audit: type=2000 audit(1489818587.772:1): initialized
[   15.929574] Initialise system trusted keyring
[   15.931890] HugeTLB registered 2 MB page size, pre-allocated 0 pages
[   15.972493] zbud: loaded
[   15.982895] VFS: Disk quotas dquot_6.6.0
[   15.985704] VFS: Dquot-cache hash table entries: 512 (order 0, 4096 bytes)
[   15.990988] squashfs: version 4.0 (2009/01/31) Phillip Lougher
[   16.021366] fuse init (API version .2)
[  16.178159] Key type big_key registered
[   16.249447] Allocating IMA MOK and blacklit keyrings.

[   16.307794] Key type asymmetric registered
[   16.331310] Asymmetric key parser 'x509' registered
[   16.357616] Block layer SCSI generic (bsg) driver version 0.4 loaded (major 249)
[   16.393555] io scheduler noop registered
[   16.412553] io scheduler deadline registered (default)
[   16.414019] io scheduler cfq registered
[   16.426010] pci_hotplug: PCI Hot Plug PCI Core version: 0.5
[   16.459241] pciehp: PCI Express Hot Plug Controller Driver version: 0.4
[   16.462507] ACPI: AC Adapter [AC] (on-line)
[   16.469725] input: Power Button as /devices/LNXSYSTM:00/LNXPWRBN:00/input/input0
[   16.472296] ACPI: Power Button [PWRF]
[   16.478842] input: Sleep Button as /devices/LNXSYSTM:00/LNXSLPBN:00/input/input1
[   16.516273] ACPI: Sleep Button [SLPF]
[   16.520915] GHES: HEST is not enabled!
[   16.521689] ACPI: Battery Slot [BAT0] (battery present)
[  1.529] ril: 820/550drer 32 ports, IRQ sharing enabled
[   16.963505] tsc: Refined TSC cocoue liraon 294603 MHz

[   17.353197] clocksource: tsc: mask: 0xffffffffffffffff max_cycles: 0x22844d3e26a, max_idle_ns: 447930569 ns

[   17.464066] 00:02: ttyS0 at I/O 0x3f8 (irq = 4, base_baud = 115200) is a 16550A
[   17.511545] Linux agpgart interface v0.103
[   17.541313] brd: module loaded
[   17.547908] loop: module loaded
[   17.553535] scsi host0: ata_piix
[   17.560231] scsi host1: ata_piix
[   17.564485] ata1: PATA max UDMA/33 cmd 0x1f0 ctl 0x3f6 bmdma 0xd000 irq 14
[   17.618984] ata2: PATA max UDMA/33 cmd 0x170 ctl 0x376 bmdma 0xd008 irq 15
[   17.650030] libphy: Fixed MDIO Bus: probed
[   17.657362] tun: Universal TUN/TAP device driver, 1.6
[   17.658611] tun: (C) 1999-2004 Max Krasnyansky <maxk@qualcomm.com>
[   17.682036] PPP generic driver version 2.4.2
[   17.707369] ehci_hcd: USB 2.0 'Enhanced' Host Controller (EHCI) Driver
[   17.716515] ehci-pci: EHCI PCI platform driver
[   17.724892] ehci-platform: EHCI generic platform driver
[   17.735341] ohci_hcd: USB 1.1 'Open' Host Controller (OHCI) Driver
[   17.738868] ohci-pci: OHCI PCI platform driver
[   17.740696] ohci-platform: OHCI generic platform driver
[   17.742672] uhci_hcd: USB Universal Host Controller Interface driver
[   17.748637] i8042: PNP: PS/2 Controller [PNP0303:PS2K,PNP0f03:PS2M] at 0x60,0x64 irq 1,12
[   17.796462] serio: i8042 KBD port at 0x60,0x64 irq 1
[   17.799937] serio: i8042 AUX port at 0x60,0x64 irq 12
[   17.808516] mousedev: PS/2 mouse device common for all mice
[   17.831175] rtc_cmos rtc_cmos: rtc core: registered rtc_cmos as rtc0
[   17.858087] rtc_cmos rtc_cmos: alarms up to one day, 114 bytes nvram
[   17.859666] i2c /dev entries driver
[   17.860825] device-mapper: uevent: version 1.0.3
[   17.881366] device-mapper: ioctl: 4.34.0-ioctl (2015-10-28) initialised: dm-devel@redhat.com
[   17.901070] input: AT Translated Set 2 keyboard as /devices/platform/i8042/serio0/input/input2
[   17.903859] ledtrig-cpu: registered to indicate activity on CPUs
[   17.920783] NET: Registered protocol family 10
[   17.978923] NET: Registered protocol family 17
[   17.981630] Key type dns_resolver registered
[   17.983258] microcode: CPU0 sig=0x306d4, pf=0x40, revision=0x0
[   17.988901] microcode: CPU1 sig=0x306d4, pf=0x40, revision=0x0
[   18.026743] microcode: Microcode Update Driver: v2.01 <tigran@aivazian.fsnet.co.uk>, Peter Oruba
[   18.031187] registered taskstats version 1
[   18.033485] Loading compiled-in X.509 certificates
[   18.039351] Loaded X.509 cert 'Build time autogenerated kernel key: beffa02bbaf0ae668249eb9711270ede1f919f97'
[   18.055885] zswap: loaded using pool lzo/zbud
[   18.060945] Key type trusted registered
[   18.075448] Key type encrypted registered
[   18.089843] AppArmor: AppArmor sha1 policy hashing enabled
[   18.098521] ima: No TPM chip found, activating TPM-bypass!
[   18.108985] evm: HMAC attrs: 0x1
[   18.117588]   Magic number: 9:892:468
[   18.119346] rtc_cmos rtc_cmos: setting system clock to 2017-03-18 06:29:53 UTC (1489818593)
[   18.131237] BIOS EDD facility v0.16 2004-Jun-25, 0 devices found
[   18.155472] EDD information not available.
[   18.160958] Freeing unused kernel memory: 1488K (ffffffff81f45000 - ffffffff820b9000)
[   18.165478] Write protecting the kernel read-only data: 14336k
[   18.207029] Freeing unused kernel memory: 1776K (ffff880001844000 - ffff880001a00000)
[   18.211618] Freeing unused kernel memory: 116K (ffff880001de3000 - ffff880001e00000)
Loading, please wait...
[   18.234107] random: systemd-udevd: uninitialized urandom read (16 bytes read, 5 bits of entropy available)
starting version[   18.234881] random: udevadm: uninitialized urandom read (16 bytes read, 5 bits of entropy available)
 229
[   18.234935] random: udevadm: uninitialized urandom read (16 bytes read, 5 bits of entropy available)
[   18.235143] random: udevadm: uninitialized urandom read (16 bytes read, 5 bits of entropy available)
[   18.235205] random: udevadm: uninitialized urandom read (16 bytes read, 5 bits of entropy available)
[   18.235267] random: udevadm: uninitialized urandom read (16 bytes read, 5 bits of entropy available)
[   18.235328] random: udevadm: uninitialized urandom read (16 bytes read, 5 bits of entropy available)
[   18.235383] random: udevadm: uninitialized urandom read (16 bytes read, 5 bits of entropy available)
[   18.235437] random: udevadm: uninitialized urandom read (16 bytes read, 5 bits of entropy available)
[   18.235497] random: udevadm: uninitialized urandom read (16 bytes read, 5 bits of entropy available)
[   18.519278] e1000: Intel(R) PRO/1000 Network Driver - version 7.3.21-k8-NAPI
[   18.525249] e1000: Copyright (c) 1999-2006 Intel Corporation.
[   18.556630] Fusion MPT base driver 3.04.20
[   18.574345] Copyright (c) 1999-2008 LSI Corporation
[   18.687768] Fusion MPT SPI Host driver 3.04.20
[   18.699702] AVX version of gcm_enc/dec engaged.
[   18.701287] AES CTR mode by8 optimization enabled
[   18.936900] input: ImExPS/2 Generic Explorer Mouse as /devices/platform/i8042/serio1/input/input4
[   19.331401] e1000 0000:00:03.0 eth0: (PCI:33MHz:32-bit) 02:fc:63:6b:bb:90
[   19.333505] e1000 0000:00:03.0 eth0: Intel(R) PRO/1000 Network Connection
[   20.011419] e1000 0000:00:08.0 eth1: (PCI:33MHz:32-bit) 08:00:27:bb:ad:50
[   20.056969] e1000 0000:00:08.0 eth1: Intel(R) PRO/1000 Network Connection
[   20.065482] e1000 0000:00:08.0 enp0s8: renamed from eth1
[   20.082520] mptbase: ioc0: Initiating bringup
[   20.091887] e1000 0000:00:03.0 enp0s3: renamed from eth0
[   20.180394] ioc0: LSI53C1030 A0: Capabilities={Initiator}
[   20.343348] scsi host2: ioc0: LSI53C1030 A0, FwRev=00000000h, Ports=1, MaxQ=256, IRQ=20
[   20.461685] scsi 2:0:0:0: Direct-Access     VBOX     HARDDISK         1.0  PQ: 0 ANSI: 5
[   20.529769] scsi target2:0:0: Beginning Domain Validation
[   20.538424] scsi target2:0:0: Domain Validation skipping write tests
[   20.540472] scsi target2:0:0: Ending Domain Validation
[   20.549859] scsi target2:0:0: asynchronous
[   20.554564] scsi 2:0:1:0: Direct-Access     VBOX     HARDDISK         1.0  PQ: 0 ANSI: 5
[   20.558612] scsi target2:0:1: Beginning Domain Validation
[   20.562364] scsi target2:0:1: Domain Validation skipping write tests
[   20.676250] scsi target2:0:1: Ending Domain Validation
[   20.722138] scsi target2:0:1: asynchronous
[   20.732989] sd 2:0:0:0: Attached scsi generic sg0 type 0
[   20.757827] sd 2:0:0:0: [sda] 20971520 512-byte logical blocks: (10.7 GB/10.0 GiB)
[   20.760739] sd 2:0:1:0: Attached scsi generic sg1 type 0
[   20.803198] sd 2:0:1:0: [sdb] 20480 512-byte logical blocks: (10.5 MB/10.0 MiB)
[   20.818175] sd 2:0:0:0: [sda] Write Protect is off
[   20.818504] sd 2:0:1:0: [sdb] Write Protect is off
[   20.818637] sd 2:0:1:0: [sdb] Incomplete mode parameter data
[   20.818638] sd 2:0:1:0: [sdb] Assuming drive cache: write through
[   20.839210] sd 2:0:1:0: [sdb] Attached SCSI disk
[   20.866643] sd 2:0:0:0: [sda] Incomplete mode parameter data
[   20.873017] sd 2:0:0:0: [sda] Assuming drive cache: write through
[   20.900959]  sda: sda1
[   20.906851] sd 2:0:0:0: [sda] Attached SCSI disk
[   21.659945] floppy0: no floppy controllers found
Begin: Loading essential drivers ... [   23.158824] md: linear personality registered for level -1
[   23.188724] md: multipath personality registered for level -4
[   23.196488] md: raid0 personality registered for level 0
[   23.209280] md: raid1 personality registered for level 1
[   23.283988] raid6: sse2x1   gen()  4337 MB/s
[   23.357178] raid6: sse2x1   xor()  2218 MB/s
[   23.440011] raid6: sse2x2   gen()  4924 MB/s
[   23.524310] raid6: sse2x2   xor()  4385 MB/s
[   23.605587] raid6: sse2x4   gen()  3709 MB/s
[   23.676395] raid6: sse2x4   xor()  2275 MB/s
[   23.685948] raid6: using algorithm sse2x2 gen() 4924 MB/s
[   23.737578] raid6: .... xor() 4385 MB/s, rmw enabled
[   23.739275] raid6: using ssse3x2 recovery algorithm
[   23.745437] xor: automatically using best checksumming function:
[   23.787934]    avx       : 14400.000 MB/sec
[   23.831079] async_tx: api initialized (async)
[   23.856296] md: raid6 personality registered for level 6
[   23.865770] md: raid5 personality registered for level 5
[   23.873742] md: raid4 personality registered for level 4
[   23.900545] md: raid10 personality registered for level 10
done.
Begin: Running /scripts/init-premount ... done.
Begin: Mounting root file system ... Begin: Running /scripts/local-top ... done.
Begin: Running /scripts/local-premount ... [   24.003597] Btrfs loaded
Scanning for Btrfs filesystems
done.
Warning: fsck not present, so skipping root file system
[   24.131239] EXT4-fs (sda1): mounted filesystem with ordered data mode. Opts: (null)
done.
Begin: Running /scripts/local-bottom ... done.
Begin: Running /scripts/init-bottom ... done.
[   24.287744] systemd[1]: systemd 229 running in system mode. (+PAM +AUDIT +SELINUX +IMA +APPARMOR +SMACK +SYSVINIT +UTMP +LIBCRYPTSETUP +GCRYPT +GNUTLS +ACL +XZ -LZ4 +SECCOMP +BLKID +ELFUTILS +KMOD -IDN)
[   24.312586] systemd[1]: Detected virtualization oracle.
[   24.354055] systemd[1]: Detected architecture x86-64.

Welcome to [1mUbuntu 16.04.2 LTS[0m!

[   24.376327] systemd[1]: Set hostname to <ubuntu>.
[   24.388898] systemd[1]: Initializing machine ID from random generator.
[   24.424388] systemd[1]: Installed transient /etc/machine-id file.
[   24.632830] systemd[1]: Listening on udev Control Socket.
[[0;32m  OK  [0m] Listening on udev Control Socket.
[   24.646457] systemd[1]: Listening on /dev/initctl Compatibility Named Pipe.
[[0;32m  OK  [0m] Listening on /dev/initctl Compatibility Named Pipe.
[   24.735084] systemd[1]: Listening on LVM2 metadata daemon socket.
[[0;32m  OK  [0m] Listening on LVM2 metadata daemon socket.
[   24.767948] systemd[1]: Listening on Syslog Socket.
[[0;32m  OK  [0m] Listening on Syslog Socket.
[   24.834674] systemd[1]: Listening on LVM2 poll daemon socket.
[[0;32m  OK  [0m] Listening on LVM2 poll daemon socket.
[   24.849450] systemd[1]: Listening on Journal Audit Socket.
[[0;32m  OK  [0m] Listening on Journal Audit Socket.
[   24.888491] systemd[1]: Listening on Journal Socket (/dev/log).
[[0;32m  OK  [0m] Listening on Journal Socket (/dev/log).
[   24.903924] systemd[1]: Listening on Device-mapper event daemon FIFOs.
[[0;32m  OK  [0m] Listening on Device-mapper event daemon FIFOs.
[   24.954683] systemd[1]: Created slice User and Session Slice.
[[0;32m  OK  [0m] Created slice User and Session Slice.
[   24.960986] systemd[1]: Listening on Journal Socket.
[[0;32m  OK  [0m] Listening on Journal Socket.
[   24.990283] systemd[1]: Reached target Encrypted Volumes.
[[0;32m  OK  [0m] Reached target Encrypted Volumes.
[   25.026398] systemd[1]: Reached target Swap.
[[0;32m  OK  [0m] Reached target Swap.
[   25.033428] systemd[1]: Started Forward Password Requests to Wall Directory Watch.
[[0;32m  OK  [0m] Started Forward Password Requests to Wall Directory Watch.
[   25.080991] systemd[1]: Set up automount Arbitrary Executable File Formats File System Automount Point.
[[0;32m  OK  [0m] Set up automount Arbitrary Executab...ats File System Automount Point.
[   25.131706] systemd[1]: Listening on udev Kernel Socket.
[[0;32m  OK  [0m] Listening on udev Kernel Socket.
[   25.165321] systemd[1]: Reached target User and Group Name Lookups.
[[0;32m  OK  [0m] Reached target User and Group Name Lookups.
[   25.191697] systemd[1]: Created slice System Slice.
[[0;32m  OK  [0m] Created slice System Slice.
[   25.232283] systemd[1]: Starting Journal Service...
         Starting Journal Service...
[   25.268999] systemd[1]: Mounting POSIX Message Queue File System...
         Mounting POSIX Message Queue File System...
[   25.300269] systemd[1]: Starting Create list of required static device nodes for the current kernel...
         Starting Create list of required st... nodes for the current kernel...
[   25.385986] systemd[1]: Created slice system-serial\x2dgetty.slice.
[[0;32m  OK  [0m] Created slice system-serial\x2dgetty.slice.
[   25.476296] systemd[1]: Starting Monitoring of LVM2 mirrors, snapshots etc. using dmeventd or progress polling...
         Starting Monitoring of LVM2 mirrors... dmeventd or progress polling...
[   25.513141] systemd[1]: Starting Uncomplicated firewall...
[   25.514114] random: nonblocking pool is initialized
         Starting Uncomplicated firewall...
[   25.605073] systemd[1]: Starting Load Kernel Modules...
         Starting Load Ke[   25.630662] Loading iSCSI transport class v2.0-870.
rnel Modules...
[   25.658248] systemd[1]: Starting Set console keymap...
         Starting Set console ke[   25.680531] iscsi: registered transport (tcp)
ymap...
[   25.732345] systemd[1]: Reached target Slices.
[[0;32m  OK  [0m] Reached targ[   25.766755] iscsi: registered transport (iser)
et Slices.
[   25.818307] systemd[1]: Starting Nameserver information manager...
         Starting Nameserver information manager...
[   25.840901] systemd[1]: Mounting Huge Pages File System...
         Mounting Huge Pages File System...
[   25.913028] systemd[1]: Mounting Debug File System...
         Mounting Debug File System...
[   25.960112] systemd[1]: Starting Remount Root and Kernel File Systems...
[   25.963633] EXT4-fs (sda1): re-mounted. Opts: (null)
         Starting Remount Root and Kernel File Systems...
[   26.045045] systemd[1]: Mounted Debug File System.
[[0;32m  OK  [0m] Mounted Debug File System.
[   26.068205] systemd[1]: Mounted POSIX Message Queue File System.
[[0;32m  OK  [0m] Mounted POSIX Message Queue File System.
[  26133992] systemd[1]: Mounted Huge Pages File System.
[[0;32m  OK  [0m] Mounted Huge Pages File System.
[   26.228619] systemd[1]: Started Journal Service.
[[0;32m  OK  [0m] Started Journal Service.
[[0;32m  OK  [0m] Started Create list of required sta...ce nodes for the current kernel.
[[0;32m  OK  [0m] Started Uncomplicated firewall.
[[0;32m  OK  [0m] Started Load Kernel Modules.
[[0;32m  OK  [0m] Started Set console keymap.
[[0;32m  OK  [0m] Started Remount Root and Kernel File Systems.
[[0;32m  OK  [0m] Started Nameserver information manager.
[[0;32m  OK  [0m] Started LVM2 metadata daemon.
         Starting Load/Save Random Seed...
         Starting Initial cloud-init job (pre-networking)...
         Starting udev Coldplug all Devices...
         Starting Apply Kernel Variables...
         Mounting FUSE Control File System...
         Starting Create Static Device Nodes in /dev...
         Starting Flush Journal to Persistent Storage...
[[0;32m  OK  [0m] Mounted FUSE Control File System.
[[0;32m  OK  [0m] Started Monitoring of LVM2 mirrors,...ng dmeventd or progress polling.
[[0;32m  OK  [0m] Started Load/Save Random Seed.
[[0;32m  OK  [0m] Started Apply Kernel Variables.
[[0;32m  OK  [0m] Started Create Static Device Nodes in /dev.
[[0;32m  OK  [0m] Started udev Coldplug all Devices.
[[0;32m  OK  [0m] Started Flush Journal to Persistent Storage.
         Starting udev Kernel Device Manager...
[[0;32m  OK  [0m] Started udev Kernel Device Manager.
[[0;32m  OK  [0m] Started Dispatch Password Requests to Console Directory Watch.
[[0;32m  OK  [0m] Reached target Local File Systems (Pre).
[[0;32m  OK  [0m] Reached target Local File Systems.
         Starting Set console font and keymap...
         Starting LSB: AppArmor initialization...
         Starting Create Volatile Files and Directories...
         Starting Commit a transient machine-id on disk...
         Starting Tell Plymouth To Write Out Runtime Data...
[[0;32m  OK  [0m] Started Create Volatile Files and Directories.
[[0;32m  OK  [0m] Started Commit a transient machine-id on disk.
[[0;32m  OK  [0m] Started Tell Plymouth To Write Out Runtime Data.
[[0;32m  OK  [0m] Found device /dev/ttyS0.
         Starting Update UTMP about System Boot/Shutdown...
[[0;32m  OK  [0m] Reached target System Time Synchronized.
[[0;32m  OK  [0m] Started Update UTMP about System Boot/Shutdown.
[[0;32m  OK  [0m] Started Set console font and keymap.
[[0;32m  OK  [0m] Created slice system-getty.slice.
[[0;32m  OK  [0m] Listening on Load/Save RF Kill Switch Status /dev/rfkill Watch.
[   21.719708] cloud-init[473]: Cloud-init v. 0.7.8 running 'init-local' at Sat, 18 Mar 2017 06:30:04 +0000. Up 20.24 seconds.
[[0;32m  OK  [0m] Started Initial cloud-init job (pre-networking).
[[0;32m  OK  [0m] Reached target Network (Pre).
[[0;32m  OK  [0m] Started LSB: AppArmor initialization.
         Starting Raise network interfaces...
[[0;32m  OK  [0m] Started Raise network interfaces.
         Starting Initial cloud-init job (metadata service crawler)...
[[0;32m  OK  [0m] Reached target Network.
[   24.008094] cloud-init[1050]: Cloud-init v. 0.7.8 running 'init' at Sat, 18 Mar 2017 06:30:07 +0000. Up 23.32 seconds.
[   24.069201] [cloud-init[0;32m  OK  [0m[1050]: ] ci-info: ++++++++++++++++++++++++++++++++++++++Net device info++++++++++++++++++++++++++++++++++++++Started Initial cloud-init job (metadata service crawler).

[   24.069527] cloud-init[1050]: ci-info: +--------+-------+----------------------------+---------------+-------+-------------------+
[   24.224898] [cloud-init[0;32m  OK  [0m[1050]: ] ci-info: | Device |   Up  |          Address           |      Mask     | Scope |     Hw-Address    |Reached target System Initialization.

[[   24.225266] [0;32m  OK  [0mcloud-init] [1050]: Started Trigger resolvconf update for networkd DNS.ci-info: +--------+-------+----------------------------+---------------+-------+-------------------+
[   24.323104] cloud-init[1050]: ci-info: | enp0s8 | False |             .              |       .       |   .   | 08:00:27:bb:ad:50 |

[[   24.323233] [0;32m  OK  [0mcloud-init] [1050]: Started Timer to automatically refresh installed snaps.ci-info: | enp0s3 |  True |         10.0.2.15          | 255.255.255.0 |   .   | 02:fc:63:6b:bb:90 |

[   24.637608] cloud-init[1050]: ci-info: | enp0s3 |  True | fe80::fc:63ff:fe6b:bb90/64 |       .       |  link | 02:fc:63:6b:bb:90 |
[   24.638031] cloud-init[1050]: ci-info: |   lo   |  True |         127.0.0.1          |   255.0.0.0   |   .   |         .         |
         Starting LXD - unix socket.
[   24.638513] cloud-init[1050]: ci-info: |   lo   |  True |          ::1/128           |       .       |  host |         .         |
[   24.832576] [cloud-init[0;32m  OK  [0m[1050]: ] ci-info: +--------+-------+----------------------------+---------------+-------+-------------------+Started ACPI Events Check.

[   24.833003] [cloud-init[0;32m  OK  [0m[1050]: ] ci-info: +++++++++++++++++++++++++++Route IPv4 info++++++++++++++++++++++++++++Reached target Paths.

[   24.921373] [cloud-init[0;32m  OK  [0m[1050]: ] ci-info: +-------+-------------+----------+---------------+-----------+-------+Listening on ACPID Listen Socket.

[   24.964385] [cloud-init[0;32m  OK  [0m[1050]: ] ci-info: | Route | Destination | Gateway  |    Genmask    | Interface | Flags |Started Daily Cleanup of Temporary Directories.

[   25.000560]          cloud-initStarting Socket activation for snappy daemon.[1050]: 
ci-info: +-------+-------------+----------+---------------+-----------+-------+
[   25.028381] [cloud-init[0;32m  OK  [0m[1050]: ] ci-info: |   0   |   0.0.0.0   | 10.0.2.2 |    0.0.0.0    |   enp0s3  |   UG  |Started Daily apt activities.

[   25.071239] [cloud-init[0;32m  OK  [0m[1050]: ] ci-info: |   1   |   10.0.2.0  | 0.0.0.0  | 255.255.255.0 |   enp0s3  |   U   |Reached target Timers.

[   25.071646] [cloud-init[0;32m  OK  [0m[1050]: ] ci-info: +-------+-------------+----------+---------------+-----------+-------+Listening on UUID daemon activation socket.

[   25.143459] [cloud-init[0;32m  OK  [0m[1050]: ] Generating public/private rsa key pair.Listening on D-Bus System Message Bus Socket.

[   25.188797] [cloud-init[0;32m  OK  [0m[1050]: ] Your identification has been saved in /etc/ssh/ssh_host_rsa_key.Reached target Cloud-config availability.

[[   25.189267] [0;32m  OK  [0mcloud-init] [1050]: Reached target Network is Online.Your public key has been saved in /etc/ssh/ssh_host_rsa_key.pub.

[   25.228360]          cloud-initStarting iSCSI initiator daemon (iscsid)...[1050]: 
The key fingerprint is:
[   25.251087] [cloud-init[0;32m  OK  [0m[1050]: ] SHA256:3lW38LFX+UfiWxqAviQm2NidpdHiOISBh3AoTS8ZyTc root@ubuntu-xenialListening on LXD - unix socket.

[   25.251480] [cloud-init[0;32m  OK  [0m[1050]: ] The key's randomart image is:Listening on Socket activation for snappy daemon.

[   25.342744] cloud-init[1050]: +---[RSA 2048]----+
[   25.405579] cloud-init[1050]: |.*++.            |
[   25.444729] [cloud-init[0;32m  OK  [0m[1050]: ] |o.*+Eo   . .    .|Reached target Sockets.

[   25.445236] [cloud-init[0;32m  OK  [0m[1050]: ] |. ooo.. o + ..oo+|Reached target Basic System.

[   25.462144] cloud-init[1050]: |   . * + B   +o+*|
[   25.523045] cloud-init[1050]: |    o * S o . o+=|
[   25.528862] cloud-init[1050]: |       = + o   =o|
[   25.552433]          Starting LXD - container startup/shutdown...
cloud-init[1050]: |        . o   o  |
[   25.586257] cloud-init[1050]: |                 |
[   25.589434] cloud-init[1050]: |                 |
         Starting Apply the settings specified in cloud-config...
[   25.589607] cloud-init[1050]: +----[SHA256]-----+
[   25.708518] cloud-init[1050]: Generating public/private dsa key pair.
[   25.746401] cloud-init[1050]: Your identification has been saved in /etc/ssh/ssh_host_dsa_key.
[[0;32m  OK  [0m] Started D-Bus System Message Bus.
[   25.773568] cloud-init[1050]: Your public key has been saved in /etc/ssh/ssh_host_dsa_key.pub.
[[0;32m  OK  [0m] Started ACPI event daemon.
[   25.851152] cloud-init[1050]: The key fingerprint is:
[   25.879488] cloud-init[1050]: SHA256:5QtNG3ey9E2Pyd79SfKlI95LSMvPSLgoAINgwZOMZq8 root@ubuntu-xenial
         Starting Pollinate to seed the pseudo random number generator...
[   25.925069] cloud-init[1050]: The key's randomart image is:
         Starting LSB: Record successful boot for GRUB...
[[0;32m  OK  [0m] Started FUSE filesystem for LXC.
[   25.973608] cloud-init[1050]: +---[DSA 1024]----+
[[0;32m  OK  [0m] Started Regular background program processing daemon.
[   26.054031] cloud-init[1050]: |+.o              |
         Starting Login Service...
         Starting /etc/rc.local Compatibility...
[[0;32m  OK  [0m] Started Deferred execution scheduler.
         Starting LSB: MD monitoring daemon...
         Starting Accounts Service...
[   26.084652] cloud-init[1050]: |oO               |
[   26.189826] [cloud-init[0;32m  OK  [0m[1050]: ] |=.o       + + . .|Started Snappy daemon.

[   26.190700] cloud-init[1050]: |. o.     = = * =.|
[   26.290811]          Starting Auto import assertions from block devices...
cloud-init[1050]: |  .o    S + o = o|
         [   26.405085] Starting System Logging Service...cloud-init
[1050]: | E  .    . = + ..|
[[0;32m  OK  [0m] Started System Logging Service.
[   26.437497] cloud-init[1050]: |     .    o =.o.+|
[[0;32m  OK  [0m[   26.472414] cloud-init[1050]: |      .  . o.*=.+|
[   26.472527] cloud-init[1050]: |       .. ..o.*=.|
[   26.472597] cloud-init[1050]: +----[SHA256]-----+
[   26.472662] cloud-init[1050]: Generating public/private ecdsa key pair.
[   26.472731] cloud-init[1050]: Your identification has been saved in /etc/ssh/ssh_host_ecdsa_key.
] Started iSCSI initiator daemon (iscsid).
[   26.472882] cloud-init[1050]: Your public key has been saved in /etc/ssh/ssh_host_ecdsa_key.pub.
[   26.672768] cloud-init[1050]: The key fingerprint is:
[   26.673018] cloud-init[1050]: SHA256:Ep4+ThvsqdCo1heiuYQUWBoxHiXnwSvE+Nt6spQWJCc root@ubuntu-xenial
[   26.673241] cloud-init[1050]: The key's randomart image is:
[[0;32m  OK  [0m] Started LXD - container startup/shutdown.
[[0;32m  OK  [0m] Started Pollinate to seed the pseudo random number generator.
[[0;32m  OK  [0m] Started /etc/rc.local Compatibility.
[[0;32m  OK  [0m] Started Auto import assertions from block devices.
[   26.673912] cloud-init[1050]: +---[ECDSA 256]---+
[[0;32m  OK  [0m] Started LSB: Record successful boot for GRUB.
[   26.882756] cloud-init[1050]: |*+++             |
[   26.945785] cloud-init[1050]: |+B=..            |
[   26.975528] cloud-init[1050]: |E+o.. .          |
         Starting Authenticate and Authorize Users to Run Privileged Tasks...
[   27.008661] cloud-init[1050]: | *o. . o         |
[   27.180268]          cloud-initStarting OpenBSD Secure Shell server...[1050]: 
| .oo  + S        |
[   27.305333]          cloud-initStarting Login to default iSCSI targets...[1050]: 
|o .*.+ .         |
[   27.306195] cloud-init[1050]: |..X.o B          |
[   27.391681] [[0;32m  OK  [0m] Started OpenBSD Secure Shell server.
cloud-init[1050]: |.Boo.= =         |
[   27.412455] [cloud-init[0;32m  OK  [0m[1050]: ] |o.o+o.=          |Started LSB: MD monitoring daemon.

[   27.412943] cloud-init[1050]: +----[SHA256]-----+
[   27.442490] cloud-init[1050]: Generating public/private ed25519 key pair.
[   27.521037] [cloud-init[0;32m  OK  [0m[1050]: ] Your identification has been saved in /etc/ssh/ssh_host_ed25519_key.Started Login Service.

[   27.523204] cloud-init[1050]: Your public key has been saved in /etc/ssh/ssh_host_ed25519_key.pub.
[   27.640975] [cloud-init[0;32m  OK  [0m[1050]: ] The key fingerprint is:Started Authenticate and Authorize Users to Run Privileged Tasks.

[   27.641981] cloud-init[1050]: SHA256:TahSne5SorjS5BFDr214hhsralyEloGiYKfOqwNbrqw root@ubuntu-xenial
[   27.753350] [cloud-init[0;32m  OK  [0m[1050]: ] The key's randomart image is:Started Accounts Service.

[   27.791155] cloud-init[1050]: +--[ED25519 256]--+
[   27.812711] cloud-init[1050]: |.                |
[   27.830303] [cloud-init[0;32m  OK  [0m[1050]: ] |+o..   . o       |Started Login to default iSCSI targets.

[   27.830926] cloud-init[1050]: |=.*.  . + .      |
[[0;32m  OK  [0m] Reached target Remote File Systems (Pre).
[[   27.880783] [0;32m  OK  [0mcloud-init] [1050]: Reached target Remote File Systems.|.=o... o o       |

[   27.941107]          cloud-initStarting LSB: automatic crash report generation...[1050]: 
|+ .B. o S .      |
[   28.005080]          cloud-initStarting LSB: VirtualBox Linux Additions...[1050]: 
|.oOo=o +         |
[   28.042892] cloud-init[1050]: |oB+O. . .        |
[   28.043376] cloud-init[1050]: |*+*.   .         |
[   28.043544] cloud-init[1050]: |E*.              |
[   28.043599] cloud-init[1050]: +----[SHA256]-----+
[   28.045662] cloud-init[1146]: Generating locales (this might take a while)...
         Starting LSB: Set the CPU Frequency Scaling governor to "ondemand"...
         Starting Permit User Sessions...
         Starting LSB: daemon to balance interrupts for SMP systems...
[[0;32m  OK  [0m] Started Permit User Sessions.
[[0;32m  OK  [0m] Started LSB: automatic crash report generation.
[[0;32m  OK  [0m] Started LSB: Set the CPU Frequency Scaling governor to "ondemand".
         Starting Terminate Plymouth Boot Screen...
         Starting Hold until boot process finishes up...
[[0;32m  OK  [0m] Started LSB: VirtualBox Linux Additions.
[[0;32m  OK  [0m] Started Terminate Plymouth Boot Screen.
[[0;32m  OK  [0m] Started Hold until boot process finishes up.
[   28.613811] cloud-init[1146]:   en_US.UTF-8... done
[[0;32m  OK  [0m] Started Getty on tty1.
[   28.680416] cloud-init[1146]: Generation complete.
         Starting Set console scheme...
[[0;32m  OK  [0m] Started Serial Getty on ttyS0.
[[0;32m  OK  [0m] Reached target Login Prompts.
[[0;32m  OK  [0m] Started LSB: daemon to balance interrupts for SMP systems.
[[0;32m  OK  [0m] Started Set console scheme.
[[0;32m  OK  [0m] Reached target Multi-User System.
[[0;32m  OK  [0m] Reached target Graphical Interface.
         Starting Update UTMP about System Runlevel Changes...
         Stopping OpenBSD Secure Shell server...
[[0;32m  OK  [0m] Stopped OpenBSD Secure Shell server.
[[0;32m  OK  [0m] Started Update UTMP about System Runlevel Changes.
         Starting OpenBSD Secure Shell server...
[[0;32m  OK  [0m] Started OpenBSD Secure Shell server.
[   29.362328] cloud-init[1146]: Cloud-init v. 0.7.8 running 'modules:config' at Sat, 18 Mar 2017 06:30:10 +0000. Up 26.77 seconds.
[[0;32m  OK  [0m] Started Apply the settings specified in cloud-config.
         Starting Execute cloud user/final scripts...
ci-info: no authorized ssh keys fingerprints found for user ubuntu.
<14>Mar 18 06:30:14 ec2: 
<14>Mar 18 06:30:14 ec2: #############################################################
<14>Mar 18 06:30:14 ec2: -----BEGIN SSH HOST KEY FINGERPRINTS-----
<14>Mar 18 06:30:14 ec2: 1024 SHA256:5QtNG3ey9E2Pyd79SfKlI95LSMvPSLgoAINgwZOMZq8 root@ubuntu-xenial (DSA)
<14>Mar 18 06:30:14 ec2: 256 SHA256:Ep4+ThvsqdCo1heiuYQUWBoxHiXnwSvE+Nt6spQWJCc root@ubuntu-xenial (ECDSA)
<14>Mar 18 06:30:14 ec2: 256 SHA256:TahSne5SorjS5BFDr214hhsralyEloGiYKfOqwNbrqw root@ubuntu-xenial (ED25519)
<14>Mar 18 06:30:14 ec2: 2048 SHA256:3lW38LFX+UfiWxqAviQm2NidpdHiOISBh3AoTS8ZyTc root@ubuntu-xenial (RSA)
<14>Mar 18 06:30:14 ec2: -----END SSH HOST KEY FINGERPRINTS-----
<14>Mar 18 06:30:14 ec2: #############################################################
-----BEGIN SSH HOST KEY KEYS-----
ecdsa-sha2-nistp256 AAAAE2VjZHNhLXNoYTItbmlzdHAyNTYAAAAIbmlzdHAyNTYAAABBBCpaxyVxnlr2XluWQAJEVRIc4LXkwgBEukLsLyF2+BV8Kftowl2QrvBoXj2jnvn9zoa+A+hsr8zmJaNzYVAgYus= root@ubuntu-xenial
ssh-ed25519 AAAAC3NzaC1lZDI1NTE5AAAAINl2QrZjpKQZklspszZgG2CuYub0UGhtlsnAXpvUQ5n1 root@ubuntu-xenial
ssh-rsa AAAAB3NzaC1yc2EAAAADAQABAAABAQCZfMIrn5xmk+OOCLu2425RrvGpRKo+OMSrIS4xkExd882TFHZHCDVKNXWbP8hmYNazyCr/jPjJNvEVjeozKthaRfpm2l49g5CxDwI4POdfIX5QSdlKg7vOd3SOFBMEijDXLw0uqohuioPa9tKLXV0EytU7RMB3gD/7u/gU2RXRFfFpgRRifvP8azDZzP1XhRVjGhHKVrPFIwd7VXkG/WE5/FID7B/QS5BkAgh9RVeAQnKw1lIjgmkTs+h/PDIsGwG8bioG1jKTH/KuyPM1jFwkj766i6ZeoZmq1smlxypZ9JTFvMZ/9mh7R5GhJDIoHYJFVZFxZ8VIFcZtYddW4w8/ root@ubuntu-xenial
-----END SSH HOST KEY KEYS-----
[   30.653241] cloud-init[1418]: Cloud-init v. 0.7.8 running 'modules:final' at Sat, 18 Mar 2017 06:30:14 +0000. Up 29.92 seconds.
[   30.764732] cloud-init[1418]: ci-info: no authorized ssh keys fingerprints found for user ubuntu.
[   30.798378] [cloud-init[0;32m  OK  [0m[1418]: ] Cloud-init v. 0.7.8 finished at Sat, 18 Mar 2017 06:30:14 +0000. Datasource DataSourceNoCloud [seed=/dev/sdb][dsmode=net].  Up 30.64 secondsStarted Execute cloud user/final scripts.

[[0;32m  OK  [0m] Reached target Cloud-init target.

Ubuntu 16.04.2 LTS ubuntu-xenial ttyS0

ubuntu-xenial login: 